<?xml version="1.0" encoding="UTF-8"?>
<testsuite xmlns:xsi="http://www.w3.org/2001/XMLSchema-instance" xsi:noNamespaceSchemaLocation="https://maven.apache.org/surefire/maven-surefire-plugin/xsd/surefire-test-report.xsd" version="3.0.2" name="TestSuite" time="25.746" tests="2" errors="0" skipped="0" failures="0">
  <properties>
[...]
</properties>
  <testcase name="verify_Account_Registration" classname="testCases.TC001_AccountRegistration" time="3.064">
    <system-out><![CDATA[01:20:11.000 [main] DEBUG org.testng.TestNG - suiteXmlPath: "C:\Users\Akrama\eclipse-workspace\opencart\grouping.xml"
01:20:11.807 [main] DEBUG io.github.bonigarcia.wdm.WebDriverManager - Using WebDriverManager 5.9.2
01:20:12.536 [main] DEBUG io.github.bonigarcia.wdm.cache.ResolutionCache - Resolution edge=131 in cache (valid until 01:33:11 08/01/2025 IST)
01:20:12.544 [main] DEBUG io.github.bonigarcia.wdm.cache.ResolutionCache - Resolution edge131=131.0.2903.112 in cache (valid until 21:00:49 08/01/2025 IST)
01:20:12.544 [main] INFO  io.github.bonigarcia.wdm.WebDriverManager - Using msedgedriver 131.0.2903.112 (resolved driver for Edge 131)
01:20:12.581 [main] DEBUG io.github.bonigarcia.wdm.WebDriverManager - Driver msedgedriver 131.0.2903.112 found in cache
01:20:12.581 [main] INFO  io.github.bonigarcia.wdm.WebDriverManager - Exporting webdriver.edge.driver as C:\Users\Akrama\.cache\selenium\msedgedriver\win64\131.0.2903.112\msedgedriver.exe
01:20:21.014 [main] INFO  testCases.TC001_AccountRegistration - Initialized WebDriver for browser: edge
01:20:21.014 [main] INFO  testCases.TC001_AccountRegistration - Navigated to URL: https://tutorialsninja.com/demo/
01:20:21.042 [main] INFO  testCases.TC001_AccountRegistration - ***** Starting the registration page ***** 
01:20:21.286 [main] INFO  testCases.TC001_AccountRegistration - Click on myAccount link 
01:20:22.064 [main] INFO  testCases.TC001_AccountRegistration - Click on register link 
01:20:22.076 [main] INFO  testCases.TC001_AccountRegistration - Providing User Details
01:20:24.018 [main] INFO  testCases.TC001_AccountRegistration - Validating expected message
01:20:24.077 [main] INFO  testCases.TC001_AccountRegistration - *** Finished test case ****
]]></system-out>
  </testcase>
  <testcase name="verify_Login" classname="testCases.TC002_Login" time="3.77">
    <system-out><![CDATA[01:20:25.556 [main] INFO  testCases.TC001_AccountRegistration - WebDriver session ended.
01:20:25.556 [main] DEBUG io.github.bonigarcia.wdm.WebDriverManager - Using WebDriverManager 5.9.2
01:20:25.572 [main] DEBUG io.github.bonigarcia.wdm.cache.ResolutionCache - Resolution edge=131 in cache (valid until 01:33:11 08/01/2025 IST)
01:20:25.572 [main] DEBUG io.github.bonigarcia.wdm.cache.ResolutionCache - Resolution edge131=131.0.2903.112 in cache (valid until 21:00:49 08/01/2025 IST)
01:20:25.572 [main] INFO  io.github.bonigarcia.wdm.WebDriverManager - Using msedgedriver 131.0.2903.112 (resolved driver for Edge 131)
01:20:25.619 [main] DEBUG io.github.bonigarcia.wdm.WebDriverManager - Driver msedgedriver 131.0.2903.112 found in cache
01:20:25.619 [main] INFO  io.github.bonigarcia.wdm.WebDriverManager - Exporting webdriver.edge.driver as C:\Users\Akrama\.cache\selenium\msedgedriver\win64\131.0.2903.112\msedgedriver.exe
01:20:29.108 [main] INFO  testCases.TC002_Login - Initialized WebDriver for browser: edge
01:20:29.116 [main] INFO  testCases.TC002_Login - Navigated to URL: https://tutorialsninja.com/demo/
01:20:29.116 [main] INFO  testCases.TC002_Login - ***** Starting the Login page ***** 
01:20:32.887 [main] INFO  testCases.TC002_Login - ***** Ending the Login page ***** 
]]></system-out>
  </testcase>
</testsuite>