<?xml version="1.0" encoding="UTF-8"?>
<testng-results ignored="0" total="2" passed="2" failed="0" skipped="0">
  <reporter-output>
  </reporter-output>
  <suite started-at="2025-01-08T01:20:11 IST" name="grouping Suite" finished-at="2025-01-08T01:20:34 IST" duration-ms="22954">
    <groups>
      <group name="Master">
        <method signature="TC001_AccountRegistration.verify_Account_Registration()[pri:0, instance:testCases.TC001_AccountRegistration@bff34c6]" name="verify_Account_Registration" class="testCases.TC001_AccountRegistration"/>
        <method signature="TC002_Login.verify_Login()[pri:0, instance:testCases.TC002_Login@5644dc81]" name="verify_Login" class="testCases.TC002_Login"/>
      </group> <!-- Master -->
      <group name="Sanity">
        <method signature="TC002_Login.verify_Login()[pri:0, instance:testCases.TC002_Login@5644dc81]" name="verify_Login" class="testCases.TC002_Login"/>
      </group> <!-- Sanity -->
      <group name="Regression">
        <method signature="TC001_AccountRegistration.verify_Account_Registration()[pri:0, instance:testCases.TC001_AccountRegistration@bff34c6]" name="verify_Account_Registration" class="testCases.TC001_AccountRegistration"/>
      </group> <!-- Regression -->
    </groups>
    <test started-at="2025-01-08T01:20:11 IST" name="Test" finished-at="2025-01-08T01:20:34 IST" duration-ms="22954">
      <class name="testCases.TC001_AccountRegistration">
        <test-method is-config="true" signature="setup(java.lang.String,java.lang.String)[pri:0, instance:testCases.TC001_AccountRegistration@bff34c6]" started-at="2025-01-08T01:20:11 IST" name="setup" finished-at="2025-01-08T01:20:21 IST" duration-ms="9253" status="PASS">
          <params>
            <param index="0">
              <value>
                <![CDATA[Windows]]>
              </value>
            </param>
            <param index="1">
              <value>
                <![CDATA[edge]]>
              </value>
            </param>
          </params>
          <reporter-output>
          </reporter-output>
        </test-method> <!-- setup -->
        <test-method signature="verify_Account_Registration()[pri:0, instance:testCases.TC001_AccountRegistration@bff34c6]" started-at="2025-01-08T01:20:21 IST" name="verify_Account_Registration" finished-at="2025-01-08T01:20:24 IST" duration-ms="3045" status="PASS">
          <reporter-output>
          </reporter-output>
        </test-method> <!-- verify_Account_Registration -->
        <test-method is-config="true" signature="teardown()[pri:0, instance:testCases.TC001_AccountRegistration@bff34c6]" started-at="2025-01-08T01:20:24 IST" name="teardown" finished-at="2025-01-08T01:20:25 IST" duration-ms="1446" status="PASS">
          <reporter-output>
          </reporter-output>
        </test-method> <!-- teardown -->
      </class> <!-- testCases.TC001_AccountRegistration -->
      <class name="testCases.TC002_Login">
        <test-method is-config="true" signature="setup(java.lang.String,java.lang.String)[pri:0, instance:testCases.TC002_Login@5644dc81]" started-at="2025-01-08T01:20:25 IST" name="setup" finished-at="2025-01-08T01:20:29 IST" duration-ms="3560" status="PASS">
          <params>
            <param index="0">
              <value>
                <![CDATA[Windows]]>
              </value>
            </param>
            <param index="1">
              <value>
                <![CDATA[edge]]>
              </value>
            </param>
          </params>
          <reporter-output>
          </reporter-output>
        </test-method> <!-- setup -->
        <test-method signature="verify_Login()[pri:0, instance:testCases.TC002_Login@5644dc81]" started-at="2025-01-08T01:20:29 IST" name="verify_Login" finished-at="2025-01-08T01:20:32 IST" duration-ms="3772" status="PASS">
          <reporter-output>
          </reporter-output>
        </test-method> <!-- verify_Login -->
        <test-method is-config="true" signature="teardown()[pri:0, instance:testCases.TC002_Login@5644dc81]" started-at="2025-01-08T01:20:32 IST" name="teardown" finished-at="2025-01-08T01:20:34 IST" duration-ms="1467" status="PASS">
          <reporter-output>
          </reporter-output>
        </test-method> <!-- teardown -->
      </class> <!-- testCases.TC002_Login -->
    </test> <!-- Test -->
  </suite> <!-- grouping Suite -->
</testng-results>
